INFO:     Will watch for changes in these directories: ['/Users/mark/russian-science-hub/backend']
INFO:     Uvicorn running on http://0.0.0.0:8080 (Press CTRL+C to quit)
INFO:     Started reloader process [9577] using WatchFiles
INFO:     Started server process [9580]
INFO:     Waiting for application startup.
INFO:     Application startup complete.
Starting Russian Science Hub v0.1.0
Temporal worker started
INFO:     127.0.0.1:62114 - "GET / HTTP/1.1" 200 OK
INFO:     127.0.0.1:62123 - "GET /api/v1/translation/status HTTP/1.1" 200 OK
INFO:     127.0.0.1:49705 - "GET / HTTP/1.1" 200 OK
INFO:     127.0.0.1:49715 - "GET /api/v1/translation/status HTTP/1.1" 200 OK
INFO:     127.0.0.1:49871 - "POST /api/v1/translation/text HTTP/1.1" 200 OK
WARNING:  WatchFiles detected changes in 'app/temporal/worker.py'. Reloading...
INFO:     Shutting down
INFO:     Waiting for application shutdown.
INFO:     Application shutdown complete.
INFO:     Finished server process [9580]
Error stopping Temporal worker: Failed client connect: Server connection error: tonic::transport::Error(Transport, hyper::Error(Connect, ConnectError("tcp connect error", Os { code: 61, kind: ConnectionRefused, message: "Connection refused" })))
Shutting down Russian Science Hub
INFO:     Started server process [9968]
INFO:     Waiting for application startup.
INFO:     Application startup complete.
WARNING:  WatchFiles detected changes in 'app/core/config.py'. Reloading...
INFO:     Shutting down
INFO:     Waiting for application shutdown.
INFO:     Application shutdown complete.
INFO:     Finished server process [9968]
Starting Russian Science Hub v0.1.0
Temporal worker started
Temporal worker stopped
Shutting down Russian Science Hub
INFO:     Started server process [10177]
INFO:     Waiting for application startup.
INFO:     Application startup complete.
WARNING:  WatchFiles detected changes in 'app/core/config.py'. Reloading...
INFO:     Shutting down
INFO:     Waiting for application shutdown.
INFO:     Application shutdown complete.
INFO:     Finished server process [10177]
Starting Russian Science Hub v0.1.0
Temporal worker started
Temporal worker stopped
Shutting down Russian Science Hub
Process SpawnProcess-4:
Traceback (most recent call last):
  File "/Library/Frameworks/Python.framework/Versions/3.12/lib/python3.12/multiprocessing/process.py", line 314, in _bootstrap
    self.run()
  File "/Library/Frameworks/Python.framework/Versions/3.12/lib/python3.12/multiprocessing/process.py", line 108, in run
    self._target(*self._args, **self._kwargs)
  File "/Library/Frameworks/Python.framework/Versions/3.12/lib/python3.12/site-packages/uvicorn/_subprocess.py", line 78, in subprocess_started
    target(sockets=sockets)
  File "/Library/Frameworks/Python.framework/Versions/3.12/lib/python3.12/site-packages/uvicorn/server.py", line 62, in run
    return asyncio.run(self.serve(sockets=sockets))
           ^^^^^^^^^^^^^^^^^^^^^^^^^^^^^^^^^^^^^^^^
  File "/Library/Frameworks/Python.framework/Versions/3.12/lib/python3.12/asyncio/runners.py", line 194, in run
    return runner.run(main)
           ^^^^^^^^^^^^^^^^
  File "/Library/Frameworks/Python.framework/Versions/3.12/lib/python3.12/asyncio/runners.py", line 118, in run
    return self._loop.run_until_complete(task)
           ^^^^^^^^^^^^^^^^^^^^^^^^^^^^^^^^^^^
  File "uvloop/loop.pyx", line 1518, in uvloop.loop.Loop.run_until_complete
  File "/Library/Frameworks/Python.framework/Versions/3.12/lib/python3.12/site-packages/uvicorn/server.py", line 69, in serve
    config.load()
  File "/Library/Frameworks/Python.framework/Versions/3.12/lib/python3.12/site-packages/uvicorn/config.py", line 458, in load
    self.loaded_app = import_from_string(self.app)
                      ^^^^^^^^^^^^^^^^^^^^^^^^^^^^
  File "/Library/Frameworks/Python.framework/Versions/3.12/lib/python3.12/site-packages/uvicorn/importer.py", line 21, in import_from_string
    module = importlib.import_module(module_str)
             ^^^^^^^^^^^^^^^^^^^^^^^^^^^^^^^^^^^
  File "/Library/Frameworks/Python.framework/Versions/3.12/lib/python3.12/importlib/__init__.py", line 90, in import_module
    return _bootstrap._gcd_import(name[level:], package, level)
           ^^^^^^^^^^^^^^^^^^^^^^^^^^^^^^^^^^^^^^^^^^^^^^^^^^^^
  File "<frozen importlib._bootstrap>", line 1387, in _gcd_import
  File "<frozen importlib._bootstrap>", line 1360, in _find_and_load
  File "<frozen importlib._bootstrap>", line 1331, in _find_and_load_unlocked
  File "<frozen importlib._bootstrap>", line 935, in _load_unlocked
  File "<frozen importlib._bootstrap_external>", line 994, in exec_module
  File "<frozen importlib._bootstrap>", line 488, in _call_with_frames_removed
  File "/Users/mark/russian-science-hub/backend/app/main.py", line 16, in <module>
    from app.api.api import api_router
  File "/Users/mark/russian-science-hub/backend/app/api/api.py", line 4, in <module>
    from app.api.endpoints import papers_router
  File "/Users/mark/russian-science-hub/backend/app/api/endpoints/__init__.py", line 2, in <module>
    from app.api.endpoints.papers import router as papers_router
  File "/Users/mark/russian-science-hub/backend/app/api/endpoints/papers.py", line 7, in <module>
    from app.db.base import get_db
  File "/Users/mark/russian-science-hub/backend/app/db/base.py", line 9, in <module>
    settings = get_settings()
               ^^^^^^^^^^^^^^
  File "/Users/mark/russian-science-hub/backend/app/core/config.py", line 41, in get_settings
    return Settings()
           ^^^^^^^^^^
  File "/Library/Frameworks/Python.framework/Versions/3.12/lib/python3.12/site-packages/pydantic_settings/main.py", line 194, in __init__
    super().__init__(
  File "/Library/Frameworks/Python.framework/Versions/3.12/lib/python3.12/site-packages/pydantic/main.py", line 250, in __init__
    validated_self = self.__pydantic_validator__.validate_python(data, self_instance=self)
                     ^^^^^^^^^^^^^^^^^^^^^^^^^^^^^^^^^^^^^^^^^^^^^^^^^^^^^^^^^^^^^^^^^^^^^
pydantic_core._pydantic_core.ValidationError: 2 validation errors for Settings
SECRET_KEY
  Extra inputs are not permitted [type=extra_forbidden, input_value='your-secret-key-min-32-c...ng-change-in-production', input_type=str]
    For further information visit https://errors.pydantic.dev/2.12/v/extra_forbidden
PLANCK_URL
  Extra inputs are not permitted [type=extra_forbidden, input_value='http://localhost:3001', input_type=str]
    For further information visit https://errors.pydantic.dev/2.12/v/extra_forbidden
WARNING:  WatchFiles detected changes in 'app/services/embedding_service.py'. Reloading...
Process SpawnProcess-5:
Traceback (most recent call last):
  File "/Library/Frameworks/Python.framework/Versions/3.12/lib/python3.12/multiprocessing/process.py", line 314, in _bootstrap
    self.run()
  File "/Library/Frameworks/Python.framework/Versions/3.12/lib/python3.12/multiprocessing/process.py", line 108, in run
    self._target(*self._args, **self._kwargs)
  File "/Library/Frameworks/Python.framework/Versions/3.12/lib/python3.12/site-packages/uvicorn/_subprocess.py", line 78, in subprocess_started
    target(sockets=sockets)
  File "/Library/Frameworks/Python.framework/Versions/3.12/lib/python3.12/site-packages/uvicorn/server.py", line 62, in run
    return asyncio.run(self.serve(sockets=sockets))
           ^^^^^^^^^^^^^^^^^^^^^^^^^^^^^^^^^^^^^^^^
  File "/Library/Frameworks/Python.framework/Versions/3.12/lib/python3.12/asyncio/runners.py", line 194, in run
    return runner.run(main)
           ^^^^^^^^^^^^^^^^
  File "/Library/Frameworks/Python.framework/Versions/3.12/lib/python3.12/asyncio/runners.py", line 118, in run
    return self._loop.run_until_complete(task)
           ^^^^^^^^^^^^^^^^^^^^^^^^^^^^^^^^^^^
  File "uvloop/loop.pyx", line 1518, in uvloop.loop.Loop.run_until_complete
  File "/Library/Frameworks/Python.framework/Versions/3.12/lib/python3.12/site-packages/uvicorn/server.py", line 69, in serve
    config.load()
  File "/Library/Frameworks/Python.framework/Versions/3.12/lib/python3.12/site-packages/uvicorn/config.py", line 458, in load
    self.loaded_app = import_from_string(self.app)
                      ^^^^^^^^^^^^^^^^^^^^^^^^^^^^
  File "/Library/Frameworks/Python.framework/Versions/3.12/lib/python3.12/site-packages/uvicorn/importer.py", line 21, in import_from_string
    module = importlib.import_module(module_str)
             ^^^^^^^^^^^^^^^^^^^^^^^^^^^^^^^^^^^
  File "/Library/Frameworks/Python.framework/Versions/3.12/lib/python3.12/importlib/__init__.py", line 90, in import_module
    return _bootstrap._gcd_import(name[level:], package, level)
           ^^^^^^^^^^^^^^^^^^^^^^^^^^^^^^^^^^^^^^^^^^^^^^^^^^^^
  File "<frozen importlib._bootstrap>", line 1387, in _gcd_import
  File "<frozen importlib._bootstrap>", line 1360, in _find_and_load
  File "<frozen importlib._bootstrap>", line 1331, in _find_and_load_unlocked
  File "<frozen importlib._bootstrap>", line 935, in _load_unlocked
  File "<frozen importlib._bootstrap_external>", line 994, in exec_module
  File "<frozen importlib._bootstrap>", line 488, in _call_with_frames_removed
  File "/Users/mark/russian-science-hub/backend/app/main.py", line 16, in <module>
    from app.api.api import api_router
  File "/Users/mark/russian-science-hub/backend/app/api/api.py", line 4, in <module>
    from app.api.endpoints import papers_router
  File "/Users/mark/russian-science-hub/backend/app/api/endpoints/__init__.py", line 2, in <module>
    from app.api.endpoints.papers import router as papers_router
  File "/Users/mark/russian-science-hub/backend/app/api/endpoints/papers.py", line 7, in <module>
    from app.db.base import get_db
  File "/Users/mark/russian-science-hub/backend/app/db/base.py", line 9, in <module>
    settings = get_settings()
               ^^^^^^^^^^^^^^
  File "/Users/mark/russian-science-hub/backend/app/core/config.py", line 41, in get_settings
    return Settings()
           ^^^^^^^^^^
  File "/Library/Frameworks/Python.framework/Versions/3.12/lib/python3.12/site-packages/pydantic_settings/main.py", line 194, in __init__
    super().__init__(
  File "/Library/Frameworks/Python.framework/Versions/3.12/lib/python3.12/site-packages/pydantic/main.py", line 250, in __init__
    validated_self = self.__pydantic_validator__.validate_python(data, self_instance=self)
                     ^^^^^^^^^^^^^^^^^^^^^^^^^^^^^^^^^^^^^^^^^^^^^^^^^^^^^^^^^^^^^^^^^^^^^
pydantic_core._pydantic_core.ValidationError: 2 validation errors for Settings
SECRET_KEY
  Extra inputs are not permitted [type=extra_forbidden, input_value='your-secret-key-min-32-c...ng-change-in-production', input_type=str]
    For further information visit https://errors.pydantic.dev/2.12/v/extra_forbidden
PLANCK_URL
  Extra inputs are not permitted [type=extra_forbidden, input_value='http://localhost:3001', input_type=str]
    For further information visit https://errors.pydantic.dev/2.12/v/extra_forbidden
WARNING:  WatchFiles detected changes in 'app/main.py'. Reloading...
Process SpawnProcess-6:
Traceback (most recent call last):
  File "/Library/Frameworks/Python.framework/Versions/3.12/lib/python3.12/multiprocessing/process.py", line 314, in _bootstrap
    self.run()
  File "/Library/Frameworks/Python.framework/Versions/3.12/lib/python3.12/multiprocessing/process.py", line 108, in run
    self._target(*self._args, **self._kwargs)
  File "/Library/Frameworks/Python.framework/Versions/3.12/lib/python3.12/site-packages/uvicorn/_subprocess.py", line 78, in subprocess_started
    target(sockets=sockets)
  File "/Library/Frameworks/Python.framework/Versions/3.12/lib/python3.12/site-packages/uvicorn/server.py", line 62, in run
    return asyncio.run(self.serve(sockets=sockets))
           ^^^^^^^^^^^^^^^^^^^^^^^^^^^^^^^^^^^^^^^^
  File "/Library/Frameworks/Python.framework/Versions/3.12/lib/python3.12/asyncio/runners.py", line 194, in run
    return runner.run(main)
           ^^^^^^^^^^^^^^^^
  File "/Library/Frameworks/Python.framework/Versions/3.12/lib/python3.12/asyncio/runners.py", line 118, in run
    return self._loop.run_until_complete(task)
           ^^^^^^^^^^^^^^^^^^^^^^^^^^^^^^^^^^^
  File "uvloop/loop.pyx", line 1518, in uvloop.loop.Loop.run_until_complete
  File "/Library/Frameworks/Python.framework/Versions/3.12/lib/python3.12/site-packages/uvicorn/server.py", line 69, in serve
    config.load()
  File "/Library/Frameworks/Python.framework/Versions/3.12/lib/python3.12/site-packages/uvicorn/config.py", line 458, in load
    self.loaded_app = import_from_string(self.app)
                      ^^^^^^^^^^^^^^^^^^^^^^^^^^^^
  File "/Library/Frameworks/Python.framework/Versions/3.12/lib/python3.12/site-packages/uvicorn/importer.py", line 21, in import_from_string
    module = importlib.import_module(module_str)
             ^^^^^^^^^^^^^^^^^^^^^^^^^^^^^^^^^^^
  File "/Library/Frameworks/Python.framework/Versions/3.12/lib/python3.12/importlib/__init__.py", line 90, in import_module
    return _bootstrap._gcd_import(name[level:], package, level)
           ^^^^^^^^^^^^^^^^^^^^^^^^^^^^^^^^^^^^^^^^^^^^^^^^^^^^
  File "<frozen importlib._bootstrap>", line 1387, in _gcd_import
  File "<frozen importlib._bootstrap>", line 1360, in _find_and_load
  File "<frozen importlib._bootstrap>", line 1331, in _find_and_load_unlocked
  File "<frozen importlib._bootstrap>", line 935, in _load_unlocked
  File "<frozen importlib._bootstrap_external>", line 994, in exec_module
  File "<frozen importlib._bootstrap>", line 488, in _call_with_frames_removed
  File "/Users/mark/russian-science-hub/backend/app/main.py", line 16, in <module>
    from app.api.api import api_router
  File "/Users/mark/russian-science-hub/backend/app/api/api.py", line 4, in <module>
    from app.api.endpoints import papers_router
  File "/Users/mark/russian-science-hub/backend/app/api/endpoints/__init__.py", line 2, in <module>
    from app.api.endpoints.papers import router as papers_router
  File "/Users/mark/russian-science-hub/backend/app/api/endpoints/papers.py", line 7, in <module>
    from app.db.base import get_db
  File "/Users/mark/russian-science-hub/backend/app/db/base.py", line 9, in <module>
    settings = get_settings()
               ^^^^^^^^^^^^^^
  File "/Users/mark/russian-science-hub/backend/app/core/config.py", line 41, in get_settings
    return Settings()
           ^^^^^^^^^^
  File "/Library/Frameworks/Python.framework/Versions/3.12/lib/python3.12/site-packages/pydantic_settings/main.py", line 194, in __init__
    super().__init__(
  File "/Library/Frameworks/Python.framework/Versions/3.12/lib/python3.12/site-packages/pydantic/main.py", line 250, in __init__
    validated_self = self.__pydantic_validator__.validate_python(data, self_instance=self)
                     ^^^^^^^^^^^^^^^^^^^^^^^^^^^^^^^^^^^^^^^^^^^^^^^^^^^^^^^^^^^^^^^^^^^^^
pydantic_core._pydantic_core.ValidationError: 2 validation errors for Settings
SECRET_KEY
  Extra inputs are not permitted [type=extra_forbidden, input_value='your-secret-key-min-32-c...ng-change-in-production', input_type=str]
    For further information visit https://errors.pydantic.dev/2.12/v/extra_forbidden
PLANCK_URL
  Extra inputs are not permitted [type=extra_forbidden, input_value='http://localhost:3001', input_type=str]
    For further information visit https://errors.pydantic.dev/2.12/v/extra_forbidden
WARNING:  WatchFiles detected changes in 'app/api/api.py'. Reloading...
Process SpawnProcess-7:
Traceback (most recent call last):
  File "/Library/Frameworks/Python.framework/Versions/3.12/lib/python3.12/multiprocessing/process.py", line 314, in _bootstrap
    self.run()
  File "/Library/Frameworks/Python.framework/Versions/3.12/lib/python3.12/multiprocessing/process.py", line 108, in run
    self._target(*self._args, **self._kwargs)
  File "/Library/Frameworks/Python.framework/Versions/3.12/lib/python3.12/site-packages/uvicorn/_subprocess.py", line 78, in subprocess_started
    target(sockets=sockets)
  File "/Library/Frameworks/Python.framework/Versions/3.12/lib/python3.12/site-packages/uvicorn/server.py", line 62, in run
    return asyncio.run(self.serve(sockets=sockets))
           ^^^^^^^^^^^^^^^^^^^^^^^^^^^^^^^^^^^^^^^^
  File "/Library/Frameworks/Python.framework/Versions/3.12/lib/python3.12/asyncio/runners.py", line 194, in run
    return runner.run(main)
           ^^^^^^^^^^^^^^^^
  File "/Library/Frameworks/Python.framework/Versions/3.12/lib/python3.12/asyncio/runners.py", line 118, in run
    return self._loop.run_until_complete(task)
           ^^^^^^^^^^^^^^^^^^^^^^^^^^^^^^^^^^^
  File "uvloop/loop.pyx", line 1518, in uvloop.loop.Loop.run_until_complete
  File "/Library/Frameworks/Python.framework/Versions/3.12/lib/python3.12/site-packages/uvicorn/server.py", line 69, in serve
    config.load()
  File "/Library/Frameworks/Python.framework/Versions/3.12/lib/python3.12/site-packages/uvicorn/config.py", line 458, in load
    self.loaded_app = import_from_string(self.app)
                      ^^^^^^^^^^^^^^^^^^^^^^^^^^^^
  File "/Library/Frameworks/Python.framework/Versions/3.12/lib/python3.12/site-packages/uvicorn/importer.py", line 21, in import_from_string
    module = importlib.import_module(module_str)
             ^^^^^^^^^^^^^^^^^^^^^^^^^^^^^^^^^^^
  File "/Library/Frameworks/Python.framework/Versions/3.12/lib/python3.12/importlib/__init__.py", line 90, in import_module
    return _bootstrap._gcd_import(name[level:], package, level)
           ^^^^^^^^^^^^^^^^^^^^^^^^^^^^^^^^^^^^^^^^^^^^^^^^^^^^
  File "<frozen importlib._bootstrap>", line 1387, in _gcd_import
  File "<frozen importlib._bootstrap>", line 1360, in _find_and_load
  File "<frozen importlib._bootstrap>", line 1331, in _find_and_load_unlocked
  File "<frozen importlib._bootstrap>", line 935, in _load_unlocked
  File "<frozen importlib._bootstrap_external>", line 994, in exec_module
  File "<frozen importlib._bootstrap>", line 488, in _call_with_frames_removed
  File "/Users/mark/russian-science-hub/backend/app/main.py", line 16, in <module>
    from app.api.api import api_router
  File "/Users/mark/russian-science-hub/backend/app/api/api.py", line 4, in <module>
    from app.api.endpoints import papers_router
  File "/Users/mark/russian-science-hub/backend/app/api/endpoints/__init__.py", line 2, in <module>
    from app.api.endpoints.papers import router as papers_router
  File "/Users/mark/russian-science-hub/backend/app/api/endpoints/papers.py", line 7, in <module>
    from app.db.base import get_db
  File "/Users/mark/russian-science-hub/backend/app/db/base.py", line 9, in <module>
    settings = get_settings()
               ^^^^^^^^^^^^^^
  File "/Users/mark/russian-science-hub/backend/app/core/config.py", line 41, in get_settings
    return Settings()
           ^^^^^^^^^^
  File "/Library/Frameworks/Python.framework/Versions/3.12/lib/python3.12/site-packages/pydantic_settings/main.py", line 194, in __init__
    super().__init__(
  File "/Library/Frameworks/Python.framework/Versions/3.12/lib/python3.12/site-packages/pydantic/main.py", line 250, in __init__
    validated_self = self.__pydantic_validator__.validate_python(data, self_instance=self)
                     ^^^^^^^^^^^^^^^^^^^^^^^^^^^^^^^^^^^^^^^^^^^^^^^^^^^^^^^^^^^^^^^^^^^^^
pydantic_core._pydantic_core.ValidationError: 2 validation errors for Settings
SECRET_KEY
  Extra inputs are not permitted [type=extra_forbidden, input_value='your-secret-key-min-32-c...ng-change-in-production', input_type=str]
    For further information visit https://errors.pydantic.dev/2.12/v/extra_forbidden
PLANCK_URL
  Extra inputs are not permitted [type=extra_forbidden, input_value='http://localhost:3001', input_type=str]
    For further information visit https://errors.pydantic.dev/2.12/v/extra_forbidden
WARNING:  WatchFiles detected changes in 'app/services/vertex_ai_embeddings.py'. Reloading...
Process SpawnProcess-8:
Traceback (most recent call last):
  File "/Library/Frameworks/Python.framework/Versions/3.12/lib/python3.12/multiprocessing/process.py", line 314, in _bootstrap
    self.run()
  File "/Library/Frameworks/Python.framework/Versions/3.12/lib/python3.12/multiprocessing/process.py", line 108, in run
    self._target(*self._args, **self._kwargs)
  File "/Library/Frameworks/Python.framework/Versions/3.12/lib/python3.12/site-packages/uvicorn/_subprocess.py", line 78, in subprocess_started
    target(sockets=sockets)
  File "/Library/Frameworks/Python.framework/Versions/3.12/lib/python3.12/site-packages/uvicorn/server.py", line 62, in run
    return asyncio.run(self.serve(sockets=sockets))
           ^^^^^^^^^^^^^^^^^^^^^^^^^^^^^^^^^^^^^^^^
  File "/Library/Frameworks/Python.framework/Versions/3.12/lib/python3.12/asyncio/runners.py", line 194, in run
    return runner.run(main)
           ^^^^^^^^^^^^^^^^
  File "/Library/Frameworks/Python.framework/Versions/3.12/lib/python3.12/asyncio/runners.py", line 118, in run
    return self._loop.run_until_complete(task)
           ^^^^^^^^^^^^^^^^^^^^^^^^^^^^^^^^^^^
  File "uvloop/loop.pyx", line 1518, in uvloop.loop.Loop.run_until_complete
  File "/Library/Frameworks/Python.framework/Versions/3.12/lib/python3.12/site-packages/uvicorn/server.py", line 69, in serve
    config.load()
  File "/Library/Frameworks/Python.framework/Versions/3.12/lib/python3.12/site-packages/uvicorn/config.py", line 458, in load
    self.loaded_app = import_from_string(self.app)
                      ^^^^^^^^^^^^^^^^^^^^^^^^^^^^
  File "/Library/Frameworks/Python.framework/Versions/3.12/lib/python3.12/site-packages/uvicorn/importer.py", line 21, in import_from_string
    module = importlib.import_module(module_str)
             ^^^^^^^^^^^^^^^^^^^^^^^^^^^^^^^^^^^
  File "/Library/Frameworks/Python.framework/Versions/3.12/lib/python3.12/importlib/__init__.py", line 90, in import_module
    return _bootstrap._gcd_import(name[level:], package, level)
           ^^^^^^^^^^^^^^^^^^^^^^^^^^^^^^^^^^^^^^^^^^^^^^^^^^^^
  File "<frozen importlib._bootstrap>", line 1387, in _gcd_import
  File "<frozen importlib._bootstrap>", line 1360, in _find_and_load
  File "<frozen importlib._bootstrap>", line 1331, in _find_and_load_unlocked
  File "<frozen importlib._bootstrap>", line 935, in _load_unlocked
  File "<frozen importlib._bootstrap_external>", line 994, in exec_module
  File "<frozen importlib._bootstrap>", line 488, in _call_with_frames_removed
  File "/Users/mark/russian-science-hub/backend/app/main.py", line 16, in <module>
    from app.api.api import api_router
  File "/Users/mark/russian-science-hub/backend/app/api/api.py", line 4, in <module>
    from app.api.endpoints import papers_router
  File "/Users/mark/russian-science-hub/backend/app/api/endpoints/__init__.py", line 2, in <module>
    from app.api.endpoints.papers import router as papers_router
  File "/Users/mark/russian-science-hub/backend/app/api/endpoints/papers.py", line 7, in <module>
    from app.db.base import get_db
  File "/Users/mark/russian-science-hub/backend/app/db/base.py", line 9, in <module>
    settings = get_settings()
               ^^^^^^^^^^^^^^
  File "/Users/mark/russian-science-hub/backend/app/core/config.py", line 41, in get_settings
    return Settings()
           ^^^^^^^^^^
  File "/Library/Frameworks/Python.framework/Versions/3.12/lib/python3.12/site-packages/pydantic_settings/main.py", line 194, in __init__
    super().__init__(
  File "/Library/Frameworks/Python.framework/Versions/3.12/lib/python3.12/site-packages/pydantic/main.py", line 250, in __init__
    validated_self = self.__pydantic_validator__.validate_python(data, self_instance=self)
                     ^^^^^^^^^^^^^^^^^^^^^^^^^^^^^^^^^^^^^^^^^^^^^^^^^^^^^^^^^^^^^^^^^^^^^
pydantic_core._pydantic_core.ValidationError: 2 validation errors for Settings
SECRET_KEY
  Extra inputs are not permitted [type=extra_forbidden, input_value='your-secret-key-min-32-c...ng-change-in-production', input_type=str]
    For further information visit https://errors.pydantic.dev/2.12/v/extra_forbidden
PLANCK_URL
  Extra inputs are not permitted [type=extra_forbidden, input_value='http://localhost:3001', input_type=str]
    For further information visit https://errors.pydantic.dev/2.12/v/extra_forbidden
WARNING:  WatchFiles detected changes in 'app/services/embedding_service.py'. Reloading...
Process SpawnProcess-9:
Traceback (most recent call last):
  File "/Library/Frameworks/Python.framework/Versions/3.12/lib/python3.12/multiprocessing/process.py", line 314, in _bootstrap
    self.run()
  File "/Library/Frameworks/Python.framework/Versions/3.12/lib/python3.12/multiprocessing/process.py", line 108, in run
    self._target(*self._args, **self._kwargs)
  File "/Library/Frameworks/Python.framework/Versions/3.12/lib/python3.12/site-packages/uvicorn/_subprocess.py", line 78, in subprocess_started
    target(sockets=sockets)
  File "/Library/Frameworks/Python.framework/Versions/3.12/lib/python3.12/site-packages/uvicorn/server.py", line 62, in run
    return asyncio.run(self.serve(sockets=sockets))
           ^^^^^^^^^^^^^^^^^^^^^^^^^^^^^^^^^^^^^^^^
  File "/Library/Frameworks/Python.framework/Versions/3.12/lib/python3.12/asyncio/runners.py", line 194, in run
    return runner.run(main)
           ^^^^^^^^^^^^^^^^
  File "/Library/Frameworks/Python.framework/Versions/3.12/lib/python3.12/asyncio/runners.py", line 118, in run
    return self._loop.run_until_complete(task)
           ^^^^^^^^^^^^^^^^^^^^^^^^^^^^^^^^^^^
  File "uvloop/loop.pyx", line 1518, in uvloop.loop.Loop.run_until_complete
  File "/Library/Frameworks/Python.framework/Versions/3.12/lib/python3.12/site-packages/uvicorn/server.py", line 69, in serve
    config.load()
  File "/Library/Frameworks/Python.framework/Versions/3.12/lib/python3.12/site-packages/uvicorn/config.py", line 458, in load
    self.loaded_app = import_from_string(self.app)
                      ^^^^^^^^^^^^^^^^^^^^^^^^^^^^
  File "/Library/Frameworks/Python.framework/Versions/3.12/lib/python3.12/site-packages/uvicorn/importer.py", line 21, in import_from_string
    module = importlib.import_module(module_str)
             ^^^^^^^^^^^^^^^^^^^^^^^^^^^^^^^^^^^
  File "/Library/Frameworks/Python.framework/Versions/3.12/lib/python3.12/importlib/__init__.py", line 90, in import_module
    return _bootstrap._gcd_import(name[level:], package, level)
           ^^^^^^^^^^^^^^^^^^^^^^^^^^^^^^^^^^^^^^^^^^^^^^^^^^^^
  File "<frozen importlib._bootstrap>", line 1387, in _gcd_import
  File "<frozen importlib._bootstrap>", line 1360, in _find_and_load
  File "<frozen importlib._bootstrap>", line 1331, in _find_and_load_unlocked
  File "<frozen importlib._bootstrap>", line 935, in _load_unlocked
  File "<frozen importlib._bootstrap_external>", line 994, in exec_module
  File "<frozen importlib._bootstrap>", line 488, in _call_with_frames_removed
  File "/Users/mark/russian-science-hub/backend/app/main.py", line 16, in <module>
    from app.api.api import api_router
  File "/Users/mark/russian-science-hub/backend/app/api/api.py", line 4, in <module>
    from app.api.endpoints import papers_router
  File "/Users/mark/russian-science-hub/backend/app/api/endpoints/__init__.py", line 2, in <module>
    from app.api.endpoints.papers import router as papers_router
  File "/Users/mark/russian-science-hub/backend/app/api/endpoints/papers.py", line 7, in <module>
    from app.db.base import get_db
  File "/Users/mark/russian-science-hub/backend/app/db/base.py", line 9, in <module>
    settings = get_settings()
               ^^^^^^^^^^^^^^
  File "/Users/mark/russian-science-hub/backend/app/core/config.py", line 41, in get_settings
    return Settings()
           ^^^^^^^^^^
  File "/Library/Frameworks/Python.framework/Versions/3.12/lib/python3.12/site-packages/pydantic_settings/main.py", line 194, in __init__
    super().__init__(
  File "/Library/Frameworks/Python.framework/Versions/3.12/lib/python3.12/site-packages/pydantic/main.py", line 250, in __init__
    validated_self = self.__pydantic_validator__.validate_python(data, self_instance=self)
                     ^^^^^^^^^^^^^^^^^^^^^^^^^^^^^^^^^^^^^^^^^^^^^^^^^^^^^^^^^^^^^^^^^^^^^
pydantic_core._pydantic_core.ValidationError: 2 validation errors for Settings
SECRET_KEY
  Extra inputs are not permitted [type=extra_forbidden, input_value='your-secret-key-min-32-c...ng-change-in-production', input_type=str]
    For further information visit https://errors.pydantic.dev/2.12/v/extra_forbidden
PLANCK_URL
  Extra inputs are not permitted [type=extra_forbidden, input_value='http://localhost:3001', input_type=str]
    For further information visit https://errors.pydantic.dev/2.12/v/extra_forbidden
